2025-05-22 23:53:54,833 - __main__ - INFO - Spotify client initialized successfully
2025-05-22 23:53:54,834 - __main__ - INFO - Starting bot...
2025-05-22 23:53:56,533 - httpx - INFO - HTTP Request: POST https://api.telegram.org/bot8161736164:AAHOHDKwM9fWvrOa_GNMPa-KAmfKz9F5gSE/getMe "HTTP/1.1 200 OK"
2025-05-22 23:53:56,744 - httpx - INFO - HTTP Request: POST https://api.telegram.org/bot8161736164:AAHOHDKwM9fWvrOa_GNMPa-KAmfKz9F5gSE/deleteWebhook "HTTP/1.1 200 OK"
2025-05-22 23:53:56,750 - telegram.ext.Application - INFO - Application started
2025-05-22 23:54:03,640 - httpx - INFO - HTTP Request: POST https://api.telegram.org/bot8161736164:AAHOHDKwM9fWvrOa_GNMPa-KAmfKz9F5gSE/getUpdates "HTTP/1.1 200 OK"
2025-05-22 23:54:03,644 - __main__ - INFO - Start command from 7662416975 (None)
2025-05-22 23:54:04,462 - httpx - INFO - HTTP Request: POST https://api.telegram.org/bot8161736164:AAHOHDKwM9fWvrOa_GNMPa-KAmfKz9F5gSE/sendMessage "HTTP/1.1 200 OK"
2025-05-22 23:54:05,549 - httpx - INFO - HTTP Request: POST https://api.telegram.org/bot8161736164:AAHOHDKwM9fWvrOa_GNMPa-KAmfKz9F5gSE/getUpdates "HTTP/1.1 200 OK"
2025-05-22 23:54:05,931 - httpx - INFO - HTTP Request: POST https://api.telegram.org/bot8161736164:AAHOHDKwM9fWvrOa_GNMPa-KAmfKz9F5gSE/answerCallbackQuery "HTTP/1.1 200 OK"
2025-05-22 23:54:06,310 - httpx - INFO - HTTP Request: POST https://api.telegram.org/bot8161736164:AAHOHDKwM9fWvrOa_GNMPa-KAmfKz9F5gSE/editMessageText "HTTP/1.1 200 OK"
2025-05-22 23:54:13,021 - httpx - INFO - HTTP Request: POST https://api.telegram.org/bot8161736164:AAHOHDKwM9fWvrOa_GNMPa-KAmfKz9F5gSE/getUpdates "HTTP/1.1 200 OK"
2025-05-22 23:54:13,832 - httpx - INFO - HTTP Request: POST https://api.telegram.org/bot8161736164:AAHOHDKwM9fWvrOa_GNMPa-KAmfKz9F5gSE/sendMessage "HTTP/1.1 200 OK"
2025-05-22 23:54:14,290 - __main__ - INFO - Searching YouTube with query: Prada Jass Manak official audio
2025-05-22 23:54:23,219 - __main__ - INFO - Found valid URL: https://www.youtube.com/watch?v=PjTU0DmBWiU
2025-05-22 23:54:23,222 - __main__ - INFO - Searching YouTube with query: Tera Mera Viah Jass Manak official audio
2025-05-22 23:54:31,071 - __main__ - INFO - Found valid URL: https://www.youtube.com/watch?v=PZskwNHXsuU
2025-05-22 23:54:31,075 - __main__ - INFO - Searching YouTube with query: No Competition Jass Manak official audio
2025-05-22 23:54:39,812 - __main__ - INFO - Found valid URL: https://www.youtube.com/watch?v=bNtOvlT9ZCQ
2025-05-22 23:54:39,816 - __main__ - INFO - Searching YouTube with query: Shoot Da Order - From "Shooter" Jass Manak official audio
2025-05-22 23:54:50,748 - __main__ - INFO - Found valid URL: https://www.youtube.com/watch?v=XBVL9mJeae8
2025-05-22 23:54:50,752 - __main__ - INFO - Searching YouTube with query: Viah Jass Manak official audio
2025-05-22 23:54:58,139 - __main__ - INFO - Found valid URL: https://www.youtube.com/watch?v=JkYJmXYreeA
2025-05-22 23:54:58,143 - __main__ - INFO - Searching YouTube with query: Lehanga Jass Manak official audio
2025-05-22 23:55:05,529 - __main__ - INFO - Found valid URL: https://www.youtube.com/watch?v=RKioDWlajvo
2025-05-22 23:55:05,533 - __main__ - INFO - Searching YouTube with query: Rabb Wangu - From "Sikander 2" Jass Manak official audio
2025-05-22 23:55:13,347 - __main__ - INFO - Found valid URL: https://www.youtube.com/watch?v=C4QMHT3AE00
2025-05-22 23:55:13,350 - __main__ - INFO - Searching YouTube with query: Suit Punjabi Jass Manak official audio
2025-05-22 23:55:22,452 - __main__ - INFO - Found valid URL: https://www.youtube.com/watch?v=HG96KYzCnbY
2025-05-22 23:55:22,456 - __main__ - INFO - Searching YouTube with query: Kalli Ho Gai Jass Manak official audio
2025-05-22 23:55:29,598 - __main__ - INFO - Found valid URL: https://www.youtube.com/watch?v=yAYu6ZAcjkw
2025-05-22 23:55:29,602 - __main__ - INFO - Searching YouTube with query: Naah Jass Manak official audio
2025-05-22 23:55:36,836 - __main__ - INFO - Found valid URL: https://www.youtube.com/watch?v=FzfdD9y839g
2025-05-22 23:55:36,841 - httpx - INFO - HTTP Request: POST https://api.telegram.org/bot8161736164:AAHOHDKwM9fWvrOa_GNMPa-KAmfKz9F5gSE/getUpdates "HTTP/1.1 200 OK"
2025-05-22 23:55:37,623 - httpx - INFO - HTTP Request: POST https://api.telegram.org/bot8161736164:AAHOHDKwM9fWvrOa_GNMPa-KAmfKz9F5gSE/sendMessage "HTTP/1.1 200 OK"
2025-05-22 23:55:41,648 - httpx - INFO - HTTP Request: POST https://api.telegram.org/bot8161736164:AAHOHDKwM9fWvrOa_GNMPa-KAmfKz9F5gSE/getUpdates "HTTP/1.1 200 OK"
2025-05-22 23:55:42,026 - httpx - INFO - HTTP Request: POST https://api.telegram.org/bot8161736164:AAHOHDKwM9fWvrOa_GNMPa-KAmfKz9F5gSE/sendMessage "HTTP/1.1 200 OK"
2025-05-22 23:55:42,028 - __main__ - INFO - Download attempt 1 for https://www.youtube.com/watch?v=PjTU0DmBWiU
2025-05-22 23:55:50,947 - __main__ - WARNING - Attempt 1 failed: ERROR: Postprocessing: ffprobe and ffmpeg not found. Please install or provide the path using --ffmpeg-location
2025-05-22 23:55:52,960 - __main__ - INFO - Download attempt 2 for https://www.youtube.com/watch?v=PjTU0DmBWiU
2025-05-22 23:55:58,884 - __main__ - WARNING - Attempt 2 failed: ERROR: Postprocessing: ffprobe and ffmpeg not found. Please install or provide the path using --ffmpeg-location
2025-05-22 23:56:00,881 - __main__ - INFO - Download attempt 3 for https://www.youtube.com/watch?v=PjTU0DmBWiU
2025-05-22 23:56:07,138 - __main__ - WARNING - Attempt 3 failed: ERROR: Postprocessing: ffprobe and ffmpeg not found. Please install or provide the path using --ffmpeg-location
2025-05-22 23:56:07,139 - __main__ - ERROR - Download error: Failed after 3 attempts: ERROR: Postprocessing: ffprobe and ffmpeg not found. Please install or provide the path using --ffmpeg-location
2025-05-22 23:56:07,140 - httpx - INFO - HTTP Request: POST https://api.telegram.org/bot8161736164:AAHOHDKwM9fWvrOa_GNMPa-KAmfKz9F5gSE/getUpdates "HTTP/1.1 200 OK"
2025-05-22 23:56:07,939 - httpx - INFO - HTTP Request: POST https://api.telegram.org/bot8161736164:AAHOHDKwM9fWvrOa_GNMPa-KAmfKz9F5gSE/sendMessage "HTTP/1.1 200 OK"
2025-05-22 23:56:08,325 - httpx - INFO - HTTP Request: POST https://api.telegram.org/bot8161736164:AAHOHDKwM9fWvrOa_GNMPa-KAmfKz9F5gSE/sendMessage "HTTP/1.1 200 OK"
2025-05-22 23:56:17,339 - httpx - INFO - HTTP Request: POST https://api.telegram.org/bot8161736164:AAHOHDKwM9fWvrOa_GNMPa-KAmfKz9F5gSE/getUpdates "HTTP/1.1 200 OK"
2025-05-22 23:56:27,543 - httpx - INFO - HTTP Request: POST https://api.telegram.org/bot8161736164:AAHOHDKwM9fWvrOa_GNMPa-KAmfKz9F5gSE/getUpdates "HTTP/1.1 200 OK"
2025-05-22 23:56:45,488 - httpx - INFO - HTTP Request: POST https://api.telegram.org/bot8161736164:AAHOHDKwM9fWvrOa_GNMPa-KAmfKz9F5gSE/getUpdates "HTTP/1.1 200 OK"
2025-05-22 23:56:55,706 - httpx - INFO - HTTP Request: POST https://api.telegram.org/bot8161736164:AAHOHDKwM9fWvrOa_GNMPa-KAmfKz9F5gSE/getUpdates "HTTP/1.1 200 OK"
2025-05-22 23:57:05,908 - httpx - INFO - HTTP Request: POST https://api.telegram.org/bot8161736164:AAHOHDKwM9fWvrOa_GNMPa-KAmfKz9F5gSE/getUpdates "HTTP/1.1 200 OK"
2025-05-22 23:57:16,106 - httpx - INFO - HTTP Request: POST https://api.telegram.org/bot8161736164:AAHOHDKwM9fWvrOa_GNMPa-KAmfKz9F5gSE/getUpdates "HTTP/1.1 200 OK"
2025-05-22 23:57:24,887 - httpx - INFO - HTTP Request: POST https://api.telegram.org/bot8161736164:AAHOHDKwM9fWvrOa_GNMPa-KAmfKz9F5gSE/getUpdates "HTTP/1.1 200 OK"
2025-05-22 23:57:24,889 - telegram.ext.Application - INFO - Application is stopping. This might take a moment.
2025-05-22 23:57:24,889 - telegram.ext.Application - INFO - Application.stop() complete
2025-05-23 00:05:33,783 - __main__ - INFO - Spotify client initialized successfully
2025-05-23 00:05:33,783 - __main__ - INFO - Starting bot...
2025-05-23 00:05:33,784 - __main__ - INFO - Using FFmpeg at: C:\ProgramData\chocolatey\bin\ffmpeg.exe
2025-05-23 00:05:35,344 - httpx - INFO - HTTP Request: POST https://api.telegram.org/bot8161736164:AAHOHDKwM9fWvrOa_GNMPa-KAmfKz9F5gSE/getMe "HTTP/1.1 200 OK"
2025-05-23 00:05:35,549 - httpx - INFO - HTTP Request: POST https://api.telegram.org/bot8161736164:AAHOHDKwM9fWvrOa_GNMPa-KAmfKz9F5gSE/deleteWebhook "HTTP/1.1 200 OK"
2025-05-23 00:05:35,553 - telegram.ext.Application - INFO - Application started
2025-05-23 00:05:36,188 - httpx - INFO - HTTP Request: POST https://api.telegram.org/bot8161736164:AAHOHDKwM9fWvrOa_GNMPa-KAmfKz9F5gSE/getUpdates "HTTP/1.1 200 OK"
2025-05-23 00:05:36,191 - __main__ - INFO - Start command from 7662416975 (None)
2025-05-23 00:05:36,587 - httpx - INFO - HTTP Request: POST https://api.telegram.org/bot8161736164:AAHOHDKwM9fWvrOa_GNMPa-KAmfKz9F5gSE/sendMessage "HTTP/1.1 200 OK"
2025-05-23 00:05:38,054 - httpx - INFO - HTTP Request: POST https://api.telegram.org/bot8161736164:AAHOHDKwM9fWvrOa_GNMPa-KAmfKz9F5gSE/getUpdates "HTTP/1.1 200 OK"
2025-05-23 00:05:38,449 - httpx - INFO - HTTP Request: POST https://api.telegram.org/bot8161736164:AAHOHDKwM9fWvrOa_GNMPa-KAmfKz9F5gSE/answerCallbackQuery "HTTP/1.1 200 OK"
2025-05-23 00:05:38,856 - httpx - INFO - HTTP Request: POST https://api.telegram.org/bot8161736164:AAHOHDKwM9fWvrOa_GNMPa-KAmfKz9F5gSE/editMessageText "HTTP/1.1 200 OK"
2025-05-23 00:05:44,349 - httpx - INFO - HTTP Request: POST https://api.telegram.org/bot8161736164:AAHOHDKwM9fWvrOa_GNMPa-KAmfKz9F5gSE/getUpdates "HTTP/1.1 200 OK"
2025-05-23 00:05:45,149 - httpx - INFO - HTTP Request: POST https://api.telegram.org/bot8161736164:AAHOHDKwM9fWvrOa_GNMPa-KAmfKz9F5gSE/sendMessage "HTTP/1.1 200 OK"
2025-05-23 00:05:45,618 - __main__ - INFO - Searching YouTube with query: Prada jass manak official audio
2025-05-23 00:05:54,112 - __main__ - INFO - Found valid URL: https://www.youtube.com/watch?v=PjTU0DmBWiU
2025-05-23 00:05:54,116 - __main__ - INFO - Searching YouTube with query: Tera Mera Viah jass manak official audio
2025-05-23 00:06:01,575 - __main__ - INFO - Found valid URL: https://www.youtube.com/watch?v=PZskwNHXsuU
2025-05-23 00:06:01,579 - __main__ - INFO - Searching YouTube with query: No Competition jass manak official audio
2025-05-23 00:06:08,839 - __main__ - INFO - Found valid URL: https://www.youtube.com/watch?v=bNtOvlT9ZCQ
2025-05-23 00:06:08,842 - __main__ - INFO - Searching YouTube with query: Shoot Da Order - From "Shooter" jass manak official audio
2025-05-23 00:06:16,064 - __main__ - INFO - Found valid URL: https://www.youtube.com/watch?v=XBVL9mJeae8
2025-05-23 00:06:16,068 - __main__ - INFO - Searching YouTube with query: Viah jass manak official audio
2025-05-23 00:06:23,189 - __main__ - INFO - Found valid URL: https://www.youtube.com/watch?v=JkYJmXYreeA
2025-05-23 00:06:23,192 - __main__ - INFO - Searching YouTube with query: Lehanga jass manak official audio
2025-05-23 00:06:30,299 - __main__ - INFO - Found valid URL: https://www.youtube.com/watch?v=RKioDWlajvo
2025-05-23 00:06:30,303 - __main__ - INFO - Searching YouTube with query: Rabb Wangu - From "Sikander 2" jass manak official audio
2025-05-23 00:06:37,263 - __main__ - INFO - Found valid URL: https://www.youtube.com/watch?v=C4QMHT3AE00
2025-05-23 00:06:37,267 - __main__ - INFO - Searching YouTube with query: Suit Punjabi jass manak official audio
2025-05-23 00:06:44,366 - __main__ - INFO - Found valid URL: https://www.youtube.com/watch?v=HG96KYzCnbY
2025-05-23 00:06:44,370 - __main__ - INFO - Searching YouTube with query: Kalli Ho Gai jass manak official audio
2025-05-23 00:06:51,463 - __main__ - INFO - Found valid URL: https://www.youtube.com/watch?v=yAYu6ZAcjkw
2025-05-23 00:06:51,466 - __main__ - INFO - Searching YouTube with query: Naah jass manak official audio
2025-05-23 00:06:58,524 - __main__ - INFO - Found valid URL: https://www.youtube.com/watch?v=FzfdD9y839g
2025-05-23 00:06:58,529 - httpx - INFO - HTTP Request: POST https://api.telegram.org/bot8161736164:AAHOHDKwM9fWvrOa_GNMPa-KAmfKz9F5gSE/getUpdates "HTTP/1.1 200 OK"
2025-05-23 00:06:59,371 - httpx - INFO - HTTP Request: POST https://api.telegram.org/bot8161736164:AAHOHDKwM9fWvrOa_GNMPa-KAmfKz9F5gSE/sendMessage "HTTP/1.1 200 OK"
2025-05-23 00:07:08,225 - httpx - INFO - HTTP Request: POST https://api.telegram.org/bot8161736164:AAHOHDKwM9fWvrOa_GNMPa-KAmfKz9F5gSE/getUpdates "HTTP/1.1 200 OK"
2025-05-23 00:07:09,093 - httpx - INFO - HTTP Request: POST https://api.telegram.org/bot8161736164:AAHOHDKwM9fWvrOa_GNMPa-KAmfKz9F5gSE/sendMessage "HTTP/1.1 200 OK"
2025-05-23 00:07:09,097 - __main__ - INFO - Download attempt 1 for https://www.youtube.com/watch?v=PjTU0DmBWiU
2025-05-23 00:07:21,432 - __main__ - INFO - Successfully downloaded to temp_downloads\jass manak_Prada.mp3
2025-05-23 00:07:21,472 - httpx - INFO - HTTP Request: POST https://api.telegram.org/bot8161736164:AAHOHDKwM9fWvrOa_GNMPa-KAmfKz9F5gSE/getUpdates "HTTP/1.1 200 OK"
2025-05-23 00:07:27,099 - __main__ - ERROR - Download error: Timed out
2025-05-23 00:07:28,219 - httpx - INFO - HTTP Request: POST https://api.telegram.org/bot8161736164:AAHOHDKwM9fWvrOa_GNMPa-KAmfKz9F5gSE/sendMessage "HTTP/1.1 200 OK"
2025-05-23 00:07:28,583 - httpx - INFO - HTTP Request: POST https://api.telegram.org/bot8161736164:AAHOHDKwM9fWvrOa_GNMPa-KAmfKz9F5gSE/sendMessage "HTTP/1.1 200 OK"
2025-05-23 00:07:31,676 - httpx - INFO - HTTP Request: POST https://api.telegram.org/bot8161736164:AAHOHDKwM9fWvrOa_GNMPa-KAmfKz9F5gSE/getUpdates "HTTP/1.1 200 OK"
2025-05-23 00:07:41,908 - httpx - INFO - HTTP Request: POST https://api.telegram.org/bot8161736164:AAHOHDKwM9fWvrOa_GNMPa-KAmfKz9F5gSE/getUpdates "HTTP/1.1 200 OK"
2025-05-23 00:07:50,601 - httpx - INFO - HTTP Request: POST https://api.telegram.org/bot8161736164:AAHOHDKwM9fWvrOa_GNMPa-KAmfKz9F5gSE/getUpdates "HTTP/1.1 200 OK"
2025-05-23 00:07:51,443 - httpx - INFO - HTTP Request: POST https://api.telegram.org/bot8161736164:AAHOHDKwM9fWvrOa_GNMPa-KAmfKz9F5gSE/sendMessage "HTTP/1.1 200 OK"
2025-05-23 00:07:51,445 - __main__ - INFO - Download attempt 1 for https://www.youtube.com/watch?v=PZskwNHXsuU
2025-05-23 00:08:08,753 - __main__ - INFO - Successfully downloaded to temp_downloads\jass manak_Tera Mera Viah.mp3
2025-05-23 00:08:08,759 - httpx - INFO - HTTP Request: POST https://api.telegram.org/bot8161736164:AAHOHDKwM9fWvrOa_GNMPa-KAmfKz9F5gSE/getUpdates "HTTP/1.1 200 OK"
2025-05-23 00:08:14,391 - __main__ - ERROR - Download error: Timed out
2025-05-23 00:08:15,643 - httpx - INFO - HTTP Request: POST https://api.telegram.org/bot8161736164:AAHOHDKwM9fWvrOa_GNMPa-KAmfKz9F5gSE/sendMessage "HTTP/1.1 200 OK"
2025-05-23 00:08:16,025 - httpx - INFO - HTTP Request: POST https://api.telegram.org/bot8161736164:AAHOHDKwM9fWvrOa_GNMPa-KAmfKz9F5gSE/sendMessage "HTTP/1.1 200 OK"
2025-05-23 00:08:18,962 - httpx - INFO - HTTP Request: POST https://api.telegram.org/bot8161736164:AAHOHDKwM9fWvrOa_GNMPa-KAmfKz9F5gSE/getUpdates "HTTP/1.1 200 OK"
2025-05-23 00:08:29,169 - httpx - INFO - HTTP Request: POST https://api.telegram.org/bot8161736164:AAHOHDKwM9fWvrOa_GNMPa-KAmfKz9F5gSE/getUpdates "HTTP/1.1 200 OK"
2025-05-23 00:08:39,384 - httpx - INFO - HTTP Request: POST https://api.telegram.org/bot8161736164:AAHOHDKwM9fWvrOa_GNMPa-KAmfKz9F5gSE/getUpdates "HTTP/1.1 200 OK"
2025-05-23 00:08:49,596 - httpx - INFO - HTTP Request: POST https://api.telegram.org/bot8161736164:AAHOHDKwM9fWvrOa_GNMPa-KAmfKz9F5gSE/getUpdates "HTTP/1.1 200 OK"
2025-05-23 00:08:59,815 - httpx - INFO - HTTP Request: POST https://api.telegram.org/bot8161736164:AAHOHDKwM9fWvrOa_GNMPa-KAmfKz9F5gSE/getUpdates "HTTP/1.1 200 OK"
2025-05-23 00:09:10,022 - httpx - INFO - HTTP Request: POST https://api.telegram.org/bot8161736164:AAHOHDKwM9fWvrOa_GNMPa-KAmfKz9F5gSE/getUpdates "HTTP/1.1 200 OK"
2025-05-23 00:09:20,252 - httpx - INFO - HTTP Request: POST https://api.telegram.org/bot8161736164:AAHOHDKwM9fWvrOa_GNMPa-KAmfKz9F5gSE/getUpdates "HTTP/1.1 200 OK"
2025-05-23 00:09:30,459 - httpx - INFO - HTTP Request: POST https://api.telegram.org/bot8161736164:AAHOHDKwM9fWvrOa_GNMPa-KAmfKz9F5gSE/getUpdates "HTTP/1.1 200 OK"
2025-05-23 00:09:40,667 - httpx - INFO - HTTP Request: POST https://api.telegram.org/bot8161736164:AAHOHDKwM9fWvrOa_GNMPa-KAmfKz9F5gSE/getUpdates "HTTP/1.1 200 OK"
2025-05-23 00:09:50,821 - httpx - INFO - HTTP Request: POST https://api.telegram.org/bot8161736164:AAHOHDKwM9fWvrOa_GNMPa-KAmfKz9F5gSE/getUpdates "HTTP/1.1 200 OK"
2025-05-23 00:09:51,629 - httpx - INFO - HTTP Request: POST https://api.telegram.org/bot8161736164:AAHOHDKwM9fWvrOa_GNMPa-KAmfKz9F5gSE/sendMessage "HTTP/1.1 200 OK"
2025-05-23 00:10:01,039 - httpx - INFO - HTTP Request: POST https://api.telegram.org/bot8161736164:AAHOHDKwM9fWvrOa_GNMPa-KAmfKz9F5gSE/getUpdates "HTTP/1.1 200 OK"
2025-05-23 00:10:11,243 - httpx - INFO - HTTP Request: POST https://api.telegram.org/bot8161736164:AAHOHDKwM9fWvrOa_GNMPa-KAmfKz9F5gSE/getUpdates "HTTP/1.1 200 OK"
2025-05-23 00:10:21,448 - httpx - INFO - HTTP Request: POST https://api.telegram.org/bot8161736164:AAHOHDKwM9fWvrOa_GNMPa-KAmfKz9F5gSE/getUpdates "HTTP/1.1 200 OK"
2025-05-23 00:10:28,489 - httpx - INFO - HTTP Request: POST https://api.telegram.org/bot8161736164:AAHOHDKwM9fWvrOa_GNMPa-KAmfKz9F5gSE/getUpdates "HTTP/1.1 200 OK"
2025-05-23 00:10:29,347 - httpx - INFO - HTTP Request: POST https://api.telegram.org/bot8161736164:AAHOHDKwM9fWvrOa_GNMPa-KAmfKz9F5gSE/sendMessage "HTTP/1.1 200 OK"
2025-05-23 00:10:32,536 - httpx - INFO - HTTP Request: POST https://api.telegram.org/bot8161736164:AAHOHDKwM9fWvrOa_GNMPa-KAmfKz9F5gSE/getUpdates "HTTP/1.1 200 OK"
2025-05-23 00:10:32,920 - httpx - INFO - HTTP Request: POST https://api.telegram.org/bot8161736164:AAHOHDKwM9fWvrOa_GNMPa-KAmfKz9F5gSE/sendMessage "HTTP/1.1 200 OK"
2025-05-23 00:10:32,922 - __main__ - INFO - Download attempt 1 for https://www.youtube.com/watch?v=PZskwNHXsuU
2025-05-23 00:10:50,623 - __main__ - INFO - Successfully downloaded to temp_downloads\jass manak_Tera Mera Viah.mp3
2025-05-23 00:10:50,629 - httpx - INFO - HTTP Request: POST https://api.telegram.org/bot8161736164:AAHOHDKwM9fWvrOa_GNMPa-KAmfKz9F5gSE/getUpdates "HTTP/1.1 200 OK"
2025-05-23 00:10:56,243 - __main__ - ERROR - Download error: Timed out
2025-05-23 00:10:57,695 - httpx - INFO - HTTP Request: POST https://api.telegram.org/bot8161736164:AAHOHDKwM9fWvrOa_GNMPa-KAmfKz9F5gSE/sendMessage "HTTP/1.1 200 OK"
2025-05-23 00:10:58,223 - httpx - INFO - HTTP Request: POST https://api.telegram.org/bot8161736164:AAHOHDKwM9fWvrOa_GNMPa-KAmfKz9F5gSE/sendMessage "HTTP/1.1 200 OK"
2025-05-23 00:11:00,982 - httpx - INFO - HTTP Request: POST https://api.telegram.org/bot8161736164:AAHOHDKwM9fWvrOa_GNMPa-KAmfKz9F5gSE/getUpdates "HTTP/1.1 200 OK"
2025-05-23 00:11:11,012 - httpx - INFO - HTTP Request: POST https://api.telegram.org/bot8161736164:AAHOHDKwM9fWvrOa_GNMPa-KAmfKz9F5gSE/getUpdates "HTTP/1.1 200 OK"
2025-05-23 00:11:11,877 - httpx - INFO - HTTP Request: POST https://api.telegram.org/bot8161736164:AAHOHDKwM9fWvrOa_GNMPa-KAmfKz9F5gSE/sendMessage "HTTP/1.1 200 OK"
2025-05-23 00:11:21,220 - httpx - INFO - HTTP Request: POST https://api.telegram.org/bot8161736164:AAHOHDKwM9fWvrOa_GNMPa-KAmfKz9F5gSE/getUpdates "HTTP/1.1 200 OK"
2025-05-23 00:11:31,430 - httpx - INFO - HTTP Request: POST https://api.telegram.org/bot8161736164:AAHOHDKwM9fWvrOa_GNMPa-KAmfKz9F5gSE/getUpdates "HTTP/1.1 200 OK"
2025-05-23 00:11:41,637 - httpx - INFO - HTTP Request: POST https://api.telegram.org/bot8161736164:AAHOHDKwM9fWvrOa_GNMPa-KAmfKz9F5gSE/getUpdates "HTTP/1.1 200 OK"
2025-05-23 00:11:46,268 - httpx - INFO - HTTP Request: POST https://api.telegram.org/bot8161736164:AAHOHDKwM9fWvrOa_GNMPa-KAmfKz9F5gSE/getUpdates "HTTP/1.1 200 OK"
2025-05-23 00:11:50,542 - httpx - INFO - HTTP Request: POST https://api.telegram.org/bot8161736164:AAHOHDKwM9fWvrOa_GNMPa-KAmfKz9F5gSE/getUpdates "HTTP/1.1 200 OK"
2025-05-23 00:12:00,745 - httpx - INFO - HTTP Request: POST https://api.telegram.org/bot8161736164:AAHOHDKwM9fWvrOa_GNMPa-KAmfKz9F5gSE/getUpdates "HTTP/1.1 200 OK"
2025-05-23 00:12:10,955 - httpx - INFO - HTTP Request: POST https://api.telegram.org/bot8161736164:AAHOHDKwM9fWvrOa_GNMPa-KAmfKz9F5gSE/getUpdates "HTTP/1.1 200 OK"
2025-05-23 00:12:19,565 - httpx - INFO - HTTP Request: POST https://api.telegram.org/bot8161736164:AAHOHDKwM9fWvrOa_GNMPa-KAmfKz9F5gSE/getUpdates "HTTP/1.1 200 OK"
2025-05-23 00:12:29,772 - httpx - INFO - HTTP Request: POST https://api.telegram.org/bot8161736164:AAHOHDKwM9fWvrOa_GNMPa-KAmfKz9F5gSE/getUpdates "HTTP/1.1 200 OK"
2025-05-23 00:12:40,001 - httpx - INFO - HTTP Request: POST https://api.telegram.org/bot8161736164:AAHOHDKwM9fWvrOa_GNMPa-KAmfKz9F5gSE/getUpdates "HTTP/1.1 200 OK"
2025-05-23 00:12:50,710 - httpx - INFO - HTTP Request: POST https://api.telegram.org/bot8161736164:AAHOHDKwM9fWvrOa_GNMPa-KAmfKz9F5gSE/getUpdates "HTTP/1.1 200 OK"
2025-05-23 00:13:00,925 - httpx - INFO - HTTP Request: POST https://api.telegram.org/bot8161736164:AAHOHDKwM9fWvrOa_GNMPa-KAmfKz9F5gSE/getUpdates "HTTP/1.1 200 OK"
2025-05-23 00:13:11,133 - httpx - INFO - HTTP Request: POST https://api.telegram.org/bot8161736164:AAHOHDKwM9fWvrOa_GNMPa-KAmfKz9F5gSE/getUpdates "HTTP/1.1 200 OK"
2025-05-23 00:13:21,338 - httpx - INFO - HTTP Request: POST https://api.telegram.org/bot8161736164:AAHOHDKwM9fWvrOa_GNMPa-KAmfKz9F5gSE/getUpdates "HTTP/1.1 200 OK"
2025-05-23 00:13:30,638 - httpx - INFO - HTTP Request: POST https://api.telegram.org/bot8161736164:AAHOHDKwM9fWvrOa_GNMPa-KAmfKz9F5gSE/getUpdates "HTTP/1.1 200 OK"
2025-05-23 00:13:30,642 - telegram.ext.Application - INFO - Application is stopping. This might take a moment.
2025-05-23 00:13:30,643 - telegram.ext.Application - INFO - Application.stop() complete
2025-05-23 00:13:34,359 - __main__ - INFO - Spotify client initialized successfully
2025-05-23 00:13:34,360 - __main__ - INFO - Starting bot...
2025-05-23 00:13:34,360 - __main__ - INFO - Using FFmpeg at: C:\ProgramData\chocolatey\bin\ffmpeg.exe
2025-05-23 00:13:36,714 - httpx - INFO - HTTP Request: POST https://api.telegram.org/bot8161736164:AAHOHDKwM9fWvrOa_GNMPa-KAmfKz9F5gSE/getMe "HTTP/1.1 200 OK"
2025-05-23 00:13:36,916 - httpx - INFO - HTTP Request: POST https://api.telegram.org/bot8161736164:AAHOHDKwM9fWvrOa_GNMPa-KAmfKz9F5gSE/deleteWebhook "HTTP/1.1 200 OK"
2025-05-23 00:13:36,922 - telegram.ext.Application - INFO - Application started
2025-05-23 00:13:37,988 - httpx - INFO - HTTP Request: POST https://api.telegram.org/bot8161736164:AAHOHDKwM9fWvrOa_GNMPa-KAmfKz9F5gSE/getUpdates "HTTP/1.1 200 OK"
2025-05-23 00:13:37,990 - __main__ - INFO - Start command from 7662416975 (None)
2025-05-23 00:13:38,370 - httpx - INFO - HTTP Request: POST https://api.telegram.org/bot8161736164:AAHOHDKwM9fWvrOa_GNMPa-KAmfKz9F5gSE/sendMessage "HTTP/1.1 200 OK"
2025-05-23 00:13:42,925 - httpx - INFO - HTTP Request: POST https://api.telegram.org/bot8161736164:AAHOHDKwM9fWvrOa_GNMPa-KAmfKz9F5gSE/getUpdates "HTTP/1.1 200 OK"
2025-05-23 00:13:43,339 - httpx - INFO - HTTP Request: POST https://api.telegram.org/bot8161736164:AAHOHDKwM9fWvrOa_GNMPa-KAmfKz9F5gSE/answerCallbackQuery "HTTP/1.1 200 OK"
2025-05-23 00:13:43,709 - httpx - INFO - HTTP Request: POST https://api.telegram.org/bot8161736164:AAHOHDKwM9fWvrOa_GNMPa-KAmfKz9F5gSE/editMessageText "HTTP/1.1 200 OK"
2025-05-23 00:13:49,654 - httpx - INFO - HTTP Request: POST https://api.telegram.org/bot8161736164:AAHOHDKwM9fWvrOa_GNMPa-KAmfKz9F5gSE/getUpdates "HTTP/1.1 200 OK"
2025-05-23 00:13:50,480 - httpx - INFO - HTTP Request: POST https://api.telegram.org/bot8161736164:AAHOHDKwM9fWvrOa_GNMPa-KAmfKz9F5gSE/sendMessage "HTTP/1.1 200 OK"
2025-05-23 00:13:51,121 - __main__ - INFO - Searching YouTube with query: Behan Ke Laude choot official audio
2025-05-23 00:13:59,215 - __main__ - INFO - Found valid URL: https://www.youtube.com/watch?v=IwZRoRSZCNw
2025-05-23 00:13:59,219 - __main__ - INFO - Searching YouTube with query: Lauda Ke Raja choot official audio
2025-05-23 00:14:06,459 - __main__ - INFO - Found valid URL: https://www.youtube.com/watch?v=b1fphk327lk
2025-05-23 00:14:06,463 - __main__ - INFO - Searching YouTube with query: Bana Kr Ghodi choot official audio
2025-05-23 00:14:13,860 - __main__ - INFO - Found valid URL: https://www.youtube.com/watch?v=_BnPcCCSy48
2025-05-23 00:14:13,865 - httpx - INFO - HTTP Request: POST https://api.telegram.org/bot8161736164:AAHOHDKwM9fWvrOa_GNMPa-KAmfKz9F5gSE/getUpdates "HTTP/1.1 200 OK"
2025-05-23 00:14:14,639 - httpx - INFO - HTTP Request: POST https://api.telegram.org/bot8161736164:AAHOHDKwM9fWvrOa_GNMPa-KAmfKz9F5gSE/sendMessage "HTTP/1.1 200 OK"
2025-05-23 00:14:21,159 - httpx - INFO - HTTP Request: POST https://api.telegram.org/bot8161736164:AAHOHDKwM9fWvrOa_GNMPa-KAmfKz9F5gSE/getUpdates "HTTP/1.1 200 OK"
2025-05-23 00:14:22,072 - httpx - INFO - HTTP Request: POST https://api.telegram.org/bot8161736164:AAHOHDKwM9fWvrOa_GNMPa-KAmfKz9F5gSE/sendMessage "HTTP/1.1 200 OK"
2025-05-23 00:14:22,075 - __main__ - INFO - Download attempt 1 for https://www.youtube.com/watch?v=IwZRoRSZCNw
2025-05-23 00:14:38,224 - __main__ - INFO - Successfully downloaded to temp_downloads\choot_Behan Ke Laude.mp3
2025-05-23 00:14:38,254 - httpx - INFO - HTTP Request: POST https://api.telegram.org/bot8161736164:AAHOHDKwM9fWvrOa_GNMPa-KAmfKz9F5gSE/getUpdates "HTTP/1.1 200 OK"
2025-05-23 00:14:44,660 - __main__ - ERROR - Download error: Timed out
2025-05-23 00:14:46,886 - httpx - INFO - HTTP Request: POST https://api.telegram.org/bot8161736164:AAHOHDKwM9fWvrOa_GNMPa-KAmfKz9F5gSE/sendMessage "HTTP/1.1 200 OK"
2025-05-23 00:14:47,300 - httpx - INFO - HTTP Request: POST https://api.telegram.org/bot8161736164:AAHOHDKwM9fWvrOa_GNMPa-KAmfKz9F5gSE/sendMessage "HTTP/1.1 200 OK"
2025-05-23 00:14:48,466 - httpx - INFO - HTTP Request: POST https://api.telegram.org/bot8161736164:AAHOHDKwM9fWvrOa_GNMPa-KAmfKz9F5gSE/getUpdates "HTTP/1.1 200 OK"
2025-05-23 00:14:58,676 - httpx - INFO - HTTP Request: POST https://api.telegram.org/bot8161736164:AAHOHDKwM9fWvrOa_GNMPa-KAmfKz9F5gSE/getUpdates "HTTP/1.1 200 OK"
2025-05-23 00:15:08,883 - httpx - INFO - HTTP Request: POST https://api.telegram.org/bot8161736164:AAHOHDKwM9fWvrOa_GNMPa-KAmfKz9F5gSE/getUpdates "HTTP/1.1 200 OK"
2025-05-23 00:15:19,090 - httpx - INFO - HTTP Request: POST https://api.telegram.org/bot8161736164:AAHOHDKwM9fWvrOa_GNMPa-KAmfKz9F5gSE/getUpdates "HTTP/1.1 200 OK"
2025-05-23 00:15:29,413 - httpx - INFO - HTTP Request: POST https://api.telegram.org/bot8161736164:AAHOHDKwM9fWvrOa_GNMPa-KAmfKz9F5gSE/getUpdates "HTTP/1.1 200 OK"
2025-05-23 00:15:39,624 - httpx - INFO - HTTP Request: POST https://api.telegram.org/bot8161736164:AAHOHDKwM9fWvrOa_GNMPa-KAmfKz9F5gSE/getUpdates "HTTP/1.1 200 OK"
2025-05-23 00:15:49,831 - httpx - INFO - HTTP Request: POST https://api.telegram.org/bot8161736164:AAHOHDKwM9fWvrOa_GNMPa-KAmfKz9F5gSE/getUpdates "HTTP/1.1 200 OK"
2025-05-23 00:16:00,129 - httpx - INFO - HTTP Request: POST https://api.telegram.org/bot8161736164:AAHOHDKwM9fWvrOa_GNMPa-KAmfKz9F5gSE/getUpdates "HTTP/1.1 200 OK"
2025-05-23 00:16:10,550 - httpx - INFO - HTTP Request: POST https://api.telegram.org/bot8161736164:AAHOHDKwM9fWvrOa_GNMPa-KAmfKz9F5gSE/getUpdates "HTTP/1.1 200 OK"
2025-05-23 00:16:20,759 - httpx - INFO - HTTP Request: POST https://api.telegram.org/bot8161736164:AAHOHDKwM9fWvrOa_GNMPa-KAmfKz9F5gSE/getUpdates "HTTP/1.1 200 OK"
2025-05-23 00:16:30,966 - httpx - INFO - HTTP Request: POST https://api.telegram.org/bot8161736164:AAHOHDKwM9fWvrOa_GNMPa-KAmfKz9F5gSE/getUpdates "HTTP/1.1 200 OK"
2025-05-23 00:16:41,178 - httpx - INFO - HTTP Request: POST https://api.telegram.org/bot8161736164:AAHOHDKwM9fWvrOa_GNMPa-KAmfKz9F5gSE/getUpdates "HTTP/1.1 200 OK"
2025-05-23 00:16:51,383 - httpx - INFO - HTTP Request: POST https://api.telegram.org/bot8161736164:AAHOHDKwM9fWvrOa_GNMPa-KAmfKz9F5gSE/getUpdates "HTTP/1.1 200 OK"
2025-05-23 00:17:01,597 - httpx - INFO - HTTP Request: POST https://api.telegram.org/bot8161736164:AAHOHDKwM9fWvrOa_GNMPa-KAmfKz9F5gSE/getUpdates "HTTP/1.1 200 OK"
2025-05-23 00:17:12,794 - httpx - INFO - HTTP Request: POST https://api.telegram.org/bot8161736164:AAHOHDKwM9fWvrOa_GNMPa-KAmfKz9F5gSE/getUpdates "HTTP/1.1 200 OK"
2025-05-23 00:17:21,808 - httpx - INFO - HTTP Request: POST https://api.telegram.org/bot8161736164:AAHOHDKwM9fWvrOa_GNMPa-KAmfKz9F5gSE/getUpdates "HTTP/1.1 200 OK"
2025-05-23 00:17:32,018 - httpx - INFO - HTTP Request: POST https://api.telegram.org/bot8161736164:AAHOHDKwM9fWvrOa_GNMPa-KAmfKz9F5gSE/getUpdates "HTTP/1.1 200 OK"
2025-05-23 00:17:38,530 - httpx - INFO - HTTP Request: POST https://api.telegram.org/bot8161736164:AAHOHDKwM9fWvrOa_GNMPa-KAmfKz9F5gSE/getUpdates "HTTP/1.1 200 OK"
2025-05-23 00:17:38,533 - telegram.ext.Application - INFO - Application is stopping. This might take a moment.
2025-05-23 00:17:38,535 - telegram.ext.Application - INFO - Application.stop() complete
